2016/01/31 12:53:25,811 ERROR BaseVisitor                      PMD exception visiting ehcache.xml
net.sourceforge.pmd.PMDException: Error while parsing ehcache.xml
	at net.sourceforge.pmd.SourceCodeProcessor.processSourceCode(SourceCodeProcessor.java:79)
	at net.sourceforge.pmd.eclipse.runtime.cmd.BaseVisitor.reviewResource(BaseVisitor.java:294)
	at net.sourceforge.pmd.eclipse.runtime.cmd.ResourceVisitor.visit(ResourceVisitor.java:29)
	at org.eclipse.core.internal.resources.Resource$2.visit(Resource.java:126)
	at org.eclipse.core.internal.resources.Resource$1.visitElement(Resource.java:85)
	at org.eclipse.core.internal.watson.ElementTreeIterator.doIteration(ElementTreeIterator.java:82)
	at org.eclipse.core.internal.watson.ElementTreeIterator.doIteration(ElementTreeIterator.java:86)
	at org.eclipse.core.internal.watson.ElementTreeIterator.iterate(ElementTreeIterator.java:127)
	at org.eclipse.core.internal.resources.Resource.accept(Resource.java:95)
	at org.eclipse.core.internal.resources.Resource.accept(Resource.java:52)
	at org.eclipse.core.internal.resources.Resource.accept(Resource.java:124)
	at org.eclipse.core.internal.resources.Resource.accept(Resource.java:108)
	at net.sourceforge.pmd.eclipse.runtime.cmd.ReviewCodeCmd.processResource(ReviewCodeCmd.java:419)
	at net.sourceforge.pmd.eclipse.runtime.cmd.ReviewCodeCmd.processProject(ReviewCodeCmd.java:479)
	at net.sourceforge.pmd.eclipse.runtime.cmd.ReviewCodeCmd.processResources(ReviewCodeCmd.java:366)
	at net.sourceforge.pmd.eclipse.runtime.cmd.ReviewCodeCmd.execute(ReviewCodeCmd.java:190)
	at net.sourceforge.pmd.eclipse.runtime.cmd.JobCommandProcessor$1.run(JobCommandProcessor.java:90)
	at org.eclipse.core.internal.jobs.Worker.run(Worker.java:53)
Caused by: net.sourceforge.pmd.lang.ast.ParseException: org.xml.sax.SAXParseException; lineNumber: 1; columnNumber: 1; Contenu non autorisé dans le prologue.
	at net.sourceforge.pmd.lang.xml.ast.XmlParser.parseDocument(XmlParser.java:62)
	at net.sourceforge.pmd.lang.xml.ast.XmlParser.parse(XmlParser.java:69)
	at net.sourceforge.pmd.lang.xml.XmlParser.parse(XmlParser.java:35)
	at net.sourceforge.pmd.SourceCodeProcessor.parse(SourceCodeProcessor.java:91)
	at net.sourceforge.pmd.SourceCodeProcessor.processSource(SourceCodeProcessor.java:138)
	at net.sourceforge.pmd.SourceCodeProcessor.processSourceCode(SourceCodeProcessor.java:76)
	... 17 more
Caused by: org.xml.sax.SAXParseException; lineNumber: 1; columnNumber: 1; Contenu non autorisé dans le prologue.
	at com.sun.org.apache.xerces.internal.parsers.DOMParser.parse(DOMParser.java:257)
	at com.sun.org.apache.xerces.internal.jaxp.DocumentBuilderImpl.parse(DocumentBuilderImpl.java:347)
	at net.sourceforge.pmd.lang.xml.ast.XmlParser.parseDocument(XmlParser.java:55)
	... 22 more
